<?xml version="1.0" encoding="UTF-8"?>
<testsuite xmlns:xsi="http://www.w3.org/2001/XMLSchema-instance" xsi:noNamespaceSchemaLocation="https://maven.apache.org/surefire/maven-surefire-plugin/xsd/surefire-test-report-3.0.xsd" version="3.0" name="TestSuite" time="12.873" tests="3" errors="0" skipped="0" failures="0">
  <properties>
[...]
</properties>
  <testcase name="invalidLoginTest_LockedOut[public void tests.LoginTests.invalidLoginTest_LockedOut(java.lang.reflect.Method)](1)" classname="tests.LoginTests" time="0.666">
    <system-out><![CDATA[[INFO ] 2023-06-04 23:14:22.099 [main] Log - I am in onStart method LoginTest
[INFO ] 2023-06-04 23:14:25.775 [main] Log - Tests is starting!
[INFO ] 2023-06-04 23:14:25.788 [main] Log - invalidLoginTest_LockedOut test is starting.
[INFO ] 2023-06-04 23:14:26.944 [main] Log - invalidLoginTest_LockedOut test is succeed.
]]></system-out>
    <system-err><![CDATA[SLF4J: Failed to load class "org.slf4j.impl.StaticLoggerBinder".
SLF4J: Defaulting to no-operation (NOP) logger implementation
SLF4J: See http://www.slf4j.org/codes.html#StaticLoggerBinder for further details.
Starting ChromeDriver 113.0.5672.63 (0e1a4471d5ae5bf128b1bd8f4d627c8cbd55f70c-refs/branch-heads/5672@{#912}) on port 42337
Only local connections are allowed.
Please see https://chromedriver.chromium.org/security-considerations for suggestions on keeping ChromeDriver safe.
ChromeDriver was started successfully.
Jun 04, 2023 11:14:24 PM org.openqa.selenium.remote.ProtocolHandshake createSession
INFO: Detected dialect: W3C
Jun 04, 2023 11:14:24 PM org.openqa.selenium.devtools.CdpVersionFinder findNearestMatch
WARNING: Unable to find an exact match for CDP version 113, so returning the closest version found: a no-op implementation
Jun 04, 2023 11:14:24 PM org.openqa.selenium.devtools.CdpVersionFinder findNearestMatch
INFO: Unable to find CDP implementation matching 113.
Jun 04, 2023 11:14:24 PM org.openqa.selenium.chromium.ChromiumDriver lambda$new$2
WARNING: Unable to find version of CDP to use for . You may need to include a dependency on a specific version of the CDP using something similar to `org.seleniumhq.selenium:selenium-devtools-v86:4.0.0-rc-1` where the version ("v86") matches the version of the chromium-based browser you're using and the version number of the artifact is the same as Selenium's.
]]></system-err>
  </testcase>
  <testcase name="validLoginTest_ProblemUser[public void tests.LoginTests.validLoginTest_ProblemUser(java.lang.reflect.Method)](1)" classname="tests.LoginTests" time="0.439">
    <system-out><![CDATA[[INFO ] 2023-06-04 23:14:26.953 [main] Log - Tests are ending!
[INFO ] 2023-06-04 23:14:29.673 [main] Log - Tests is starting!
[INFO ] 2023-06-04 23:14:29.674 [main] Log - validLoginTest_ProblemUser test is starting.
[INFO ] 2023-06-04 23:14:30.152 [main] Log - validLoginTest_ProblemUser test is succeed.
]]></system-out>
    <system-err><![CDATA[Starting ChromeDriver 113.0.5672.63 (0e1a4471d5ae5bf128b1bd8f4d627c8cbd55f70c-refs/branch-heads/5672@{#912}) on port 18358
Only local connections are allowed.
Please see https://chromedriver.chromium.org/security-considerations for suggestions on keeping ChromeDriver safe.
ChromeDriver was started successfully.
Jun 04, 2023 11:14:29 PM org.openqa.selenium.remote.ProtocolHandshake createSession
INFO: Detected dialect: W3C
Jun 04, 2023 11:14:29 PM org.openqa.selenium.devtools.CdpVersionFinder findNearestMatch
WARNING: Unable to find an exact match for CDP version 113, so returning the closest version found: a no-op implementation
Jun 04, 2023 11:14:29 PM org.openqa.selenium.devtools.CdpVersionFinder findNearestMatch
INFO: Unable to find CDP implementation matching 113.
Jun 04, 2023 11:14:29 PM org.openqa.selenium.chromium.ChromiumDriver lambda$new$2
WARNING: Unable to find version of CDP to use for . You may need to include a dependency on a specific version of the CDP using something similar to `org.seleniumhq.selenium:selenium-devtools-v86:4.0.0-rc-1` where the version ("v86") matches the version of the chromium-based browser you're using and the version number of the artifact is the same as Selenium's.
]]></system-err>
  </testcase>
  <testcase name="validLoginTest_Successfully[public void tests.LoginTests.validLoginTest_Successfully(java.lang.reflect.Method)](1)" classname="tests.LoginTests" time="0.375">
    <system-out><![CDATA[[INFO ] 2023-06-04 23:14:30.153 [main] Log - Tests are ending!
[INFO ] 2023-06-04 23:14:32.678 [main] Log - Tests is starting!
[INFO ] 2023-06-04 23:14:32.680 [main] Log - validLoginTest_Successfully test is starting.
[INFO ] 2023-06-04 23:14:33.074 [main] Log - validLoginTest_Successfully test is succeed.
]]></system-out>
    <system-err><![CDATA[Starting ChromeDriver 113.0.5672.63 (0e1a4471d5ae5bf128b1bd8f4d627c8cbd55f70c-refs/branch-heads/5672@{#912}) on port 41167
Only local connections are allowed.
Please see https://chromedriver.chromium.org/security-considerations for suggestions on keeping ChromeDriver safe.
ChromeDriver was started successfully.
Jun 04, 2023 11:14:32 PM org.openqa.selenium.remote.ProtocolHandshake createSession
INFO: Detected dialect: W3C
Jun 04, 2023 11:14:32 PM org.openqa.selenium.devtools.CdpVersionFinder findNearestMatch
WARNING: Unable to find an exact match for CDP version 113, so returning the closest version found: a no-op implementation
Jun 04, 2023 11:14:32 PM org.openqa.selenium.devtools.CdpVersionFinder findNearestMatch
INFO: Unable to find CDP implementation matching 113.
Jun 04, 2023 11:14:32 PM org.openqa.selenium.chromium.ChromiumDriver lambda$new$2
WARNING: Unable to find version of CDP to use for . You may need to include a dependency on a specific version of the CDP using something similar to `org.seleniumhq.selenium:selenium-devtools-v86:4.0.0-rc-1` where the version ("v86") matches the version of the chromium-based browser you're using and the version number of the artifact is the same as Selenium's.
]]></system-err>
  </testcase>
</testsuite>