<?xml version="1.0" encoding="UTF-8"?>
<!-- Generated by org.testng.reporters.JUnitXMLReporter -->
<testsuite ignored="0" hostname="GK2206L17" failures="0" tests="3" name="LoginTest" time="12.155" errors="0" timestamp="2023-06-04T23:14:33 ICT">
  <testcase classname="tests.LoginTests" name="invalidLoginTest_LockedOut" time="1.155"/>
  <testcase classname="tests.LoginTests" name="validLoginTest_ProblemUser" time="0.477"/>
  <testcase classname="tests.LoginTests" name="validLoginTest_Successfully" time="0.394"/>
</testsuite> <!-- LoginTest -->
